<?xml version="1.0" encoding="UTF-8"?>
<robot generator="Robot 4.1 (Python 3.9.6 on darwin)" generated="20210829 00:11:23.175" rpa="false" schemaversion="2">
<suite id="s1" name="CheckoutCartTest" source="/Users/pchotikasath/PycharmProjects/RobotFrameworkPOC/Tests/HomePageTest/CheckoutCartTest.robot">
<test id="s1-t1" name="Select item and validate cart">
<kw name="Start TestCase" library="CommonFunctionality" type="SETUP">
<kw name="Open Browser" library="SeleniumLibrary">
<arg>${WEBSITE URL}</arg>
<arg>${BROWSER}</arg>
<doc>Opens a new browser instance to the optional ``url``.</doc>
<msg timestamp="20210829 00:11:23.443" level="INFO">Opening browser 'chrome' to base url 'https://www.powerbuy.co.th/th'.</msg>
<status status="PASS" starttime="20210829 00:11:23.443" endtime="20210829 00:11:30.272"/>
</kw>
<kw name="Maximize Browser Window" library="SeleniumLibrary">
<doc>Maximizes current browser window.</doc>
<status status="PASS" starttime="20210829 00:11:30.273" endtime="20210829 00:11:30.529"/>
</kw>
<status status="PASS" starttime="20210829 00:11:23.443" endtime="20210829 00:11:30.530"/>
</kw>
<kw name="Search with kyeword" library="CatalogSearchFunctionality">
<arg>TV</arg>
<kw name="Input Text" library="SeleniumLibrary">
<arg>${SearchBox}</arg>
<arg>${Keyword}</arg>
<doc>Types the given ``text`` into the text field identified by ``locator``.</doc>
<msg timestamp="20210829 00:11:30.531" level="INFO">Typing text 'TV' into text field '//*[@id="txt-searchBox-input"]'.</msg>
<status status="PASS" starttime="20210829 00:11:30.531" endtime="20210829 00:11:30.927"/>
</kw>
<kw name="Click Button" library="SeleniumLibrary">
<arg>${SearchButton}</arg>
<doc>Clicks the button identified by ``locator``.</doc>
<msg timestamp="20210829 00:11:30.928" level="INFO">Clicking button '//*[@id="btn-searchBox-input"]'.</msg>
<status status="PASS" starttime="20210829 00:11:30.928" endtime="20210829 00:11:31.465"/>
</kw>
<kw name="Wait Until Element Is Not Visible" library="SeleniumLibrary">
<arg>${LoadingScreen}</arg>
<arg>timeout=10s</arg>
<doc>Waits until the element ``locator`` is not visible.</doc>
<status status="PASS" starttime="20210829 00:11:31.465" endtime="20210829 00:11:31.490"/>
</kw>
<kw name="Wait Until Element Is Visible" library="SeleniumLibrary">
<arg>${BreadcrumbHeader}</arg>
<arg>timeout=5s</arg>
<doc>Waits until the element ``locator`` is visible.</doc>
<status status="PASS" starttime="20210829 00:11:31.490" endtime="20210829 00:11:34.500"/>
</kw>
<status status="PASS" starttime="20210829 00:11:30.530" endtime="20210829 00:11:34.500"/>
</kw>
<kw name="Filter with Screen Size" library="CatalogSearchFunctionality">
<arg>${44-55INCHES}</arg>
<kw name="Wait Until Element Is Visible" library="SeleniumLibrary">
<arg>${FilterBar}</arg>
<arg>timeout=10s</arg>
<doc>Waits until the element ``locator`` is visible.</doc>
<status status="PASS" starttime="20210829 00:11:34.501" endtime="20210829 00:11:37.164"/>
</kw>
<kw name="Scroll Element Into View" library="SeleniumLibrary">
<arg>${ScreenSize}</arg>
<doc>Scrolls the element identified by ``locator`` into view.</doc>
<status status="PASS" starttime="20210829 00:11:37.164" endtime="20210829 00:11:37.600"/>
</kw>
<kw name="Wait Until Element Is Visible" library="SeleniumLibrary">
<arg>${ScreenSize}</arg>
<arg>timeout=10s</arg>
<doc>Waits until the element ``locator`` is visible.</doc>
<status status="PASS" starttime="20210829 00:11:37.600" endtime="20210829 00:11:37.621"/>
</kw>
<kw name="Set Focus To Element" library="SeleniumLibrary">
<arg>${ScreenSize}</arg>
<doc>Sets the focus to the element identified by ``locator``.</doc>
<status status="PASS" starttime="20210829 00:11:37.621" endtime="20210829 00:11:37.636"/>
</kw>
<kw name="Click Element" library="SeleniumLibrary">
<arg>${ScreenSize}</arg>
<doc>Click the element identified by ``locator``.</doc>
<msg timestamp="20210829 00:11:37.636" level="INFO">Clicking element '//*[text()='44 - 55 นิ้ว']/ancestor::div[@class="Row__Wrapper-v6uxgu-0 kSLyDU"][1]//*[@data-testid='btn-checkbox']'.</msg>
<status status="PASS" starttime="20210829 00:11:37.636" endtime="20210829 00:11:37.964"/>
</kw>
<kw name="Wait Until Element Is Not Visible" library="SeleniumLibrary">
<arg>${LoadingScreen}</arg>
<arg>timeout=10s</arg>
<doc>Waits until the element ``locator`` is not visible.</doc>
<msg timestamp="20210829 00:11:42.730" level="INFO">Suppressing StaleElementReferenceException from Selenium.</msg>
<status status="PASS" starttime="20210829 00:11:37.964" endtime="20210829 00:11:43.132"/>
</kw>
<status status="PASS" starttime="20210829 00:11:34.501" endtime="20210829 00:11:43.132"/>
</kw>
<kw name="Select item into cart" library="CatalogSearchFunctionality">
<arg>${FirstItemFromReturnList}</arg>
<kw name="Wait Until Element Is Visible" library="SeleniumLibrary">
<arg>${item}</arg>
<arg>timeout=15s</arg>
<doc>Waits until the element ``locator`` is visible.</doc>
<status status="PASS" starttime="20210829 00:11:43.133" endtime="20210829 00:11:43.152"/>
</kw>
<kw name="Set Focus To Element" library="SeleniumLibrary">
<arg>${item}</arg>
<doc>Sets the focus to the element identified by ``locator``.</doc>
<status status="PASS" starttime="20210829 00:11:43.152" endtime="20210829 00:11:43.165"/>
</kw>
<kw name="Get Element Attribute" library="SeleniumLibrary">
<var>${data-productID}</var>
<arg>${item}</arg>
<arg>data-productid</arg>
<doc>Returns the value of ``attribute`` from the element ``locator``.</doc>
<msg timestamp="20210829 00:11:43.179" level="INFO">${data-productID} = 261091</msg>
<status status="PASS" starttime="20210829 00:11:43.165" endtime="20210829 00:11:43.179"/>
</kw>
<kw name="Click Element" library="SeleniumLibrary">
<arg>${item}</arg>
<doc>Click the element identified by ``locator``.</doc>
<msg timestamp="20210829 00:11:43.179" level="INFO">Clicking element '(//*[text()='จัดส่ง']/ancestor::div[@data-testid="productGrid-item"])[1]'.</msg>
<status status="PASS" starttime="20210829 00:11:43.179" endtime="20210829 00:11:43.449"/>
</kw>
<kw name="Add item into cart" library="CatalogDetailFunctionality">
<kw name="Wait Until Element Is Visible" library="SeleniumLibrary">
<arg>${AddToCartButton}</arg>
<arg>timeout=10s</arg>
<doc>Waits until the element ``locator`` is visible.</doc>
<status status="PASS" starttime="20210829 00:11:43.450" endtime="20210829 00:11:44.683"/>
</kw>
<kw name="Click Element" library="SeleniumLibrary">
<arg>${AddToCartButton}</arg>
<doc>Click the element identified by ``locator``.</doc>
<msg timestamp="20210829 00:11:44.683" level="INFO">Clicking element '//*[@class='Button__StyledButton-r30g8h-0 uwdlB AddToCartButton__AddToCartButtonElem-dtemKR bwuoky']'.</msg>
<status status="PASS" starttime="20210829 00:11:44.683" endtime="20210829 00:11:44.775"/>
</kw>
<kw name="Wait Until Element Is Visible" library="SeleniumLibrary">
<arg>${AddItemSuccessMessage}</arg>
<arg>timeout=10s</arg>
<doc>Waits until the element ``locator`` is visible.</doc>
<status status="PASS" starttime="20210829 00:11:44.775" endtime="20210829 00:11:53.365"/>
</kw>
<status status="PASS" starttime="20210829 00:11:43.449" endtime="20210829 00:11:53.366"/>
</kw>
<kw name="Append To List" library="Collections">
<arg>${SelectedItem}</arg>
<arg>${data-productID}</arg>
<doc>Adds ``values`` to the end of ``list``.</doc>
<status status="PASS" starttime="20210829 00:11:53.366" endtime="20210829 00:11:53.366"/>
</kw>
<status status="PASS" starttime="20210829 00:11:43.132" endtime="20210829 00:11:53.366"/>
</kw>
<kw name="Back to TV Section" library="CatalogDetailFunctionality">
<kw name="Click Element" library="SeleniumLibrary">
<arg>${TVSection}</arg>
<doc>Click the element identified by ``locator``.</doc>
<msg timestamp="20210829 00:11:53.367" level="INFO">Clicking element '//*[@id="lnk-viewBreadcrumb-2"]'.</msg>
<status status="PASS" starttime="20210829 00:11:53.367" endtime="20210829 00:11:53.930"/>
</kw>
<status status="PASS" starttime="20210829 00:11:53.366" endtime="20210829 00:11:53.930"/>
</kw>
<kw name="Filter with Screen Size" library="CatalogSearchFunctionality">
<arg>${32-43INCHES}</arg>
<kw name="Wait Until Element Is Visible" library="SeleniumLibrary">
<arg>${FilterBar}</arg>
<arg>timeout=10s</arg>
<doc>Waits until the element ``locator`` is visible.</doc>
<status status="PASS" starttime="20210829 00:11:53.931" endtime="20210829 00:11:55.635"/>
</kw>
<kw name="Scroll Element Into View" library="SeleniumLibrary">
<arg>${ScreenSize}</arg>
<doc>Scrolls the element identified by ``locator`` into view.</doc>
<status status="PASS" starttime="20210829 00:11:55.636" endtime="20210829 00:11:55.998"/>
</kw>
<kw name="Wait Until Element Is Visible" library="SeleniumLibrary">
<arg>${ScreenSize}</arg>
<arg>timeout=10s</arg>
<doc>Waits until the element ``locator`` is visible.</doc>
<status status="PASS" starttime="20210829 00:11:55.999" endtime="20210829 00:11:56.021"/>
</kw>
<kw name="Set Focus To Element" library="SeleniumLibrary">
<arg>${ScreenSize}</arg>
<doc>Sets the focus to the element identified by ``locator``.</doc>
<status status="PASS" starttime="20210829 00:11:56.021" endtime="20210829 00:11:56.036"/>
</kw>
<kw name="Click Element" library="SeleniumLibrary">
<arg>${ScreenSize}</arg>
<doc>Click the element identified by ``locator``.</doc>
<msg timestamp="20210829 00:11:56.036" level="INFO">Clicking element '//*[text()='32 - 43 นิ้ว']/ancestor::div[@class="Row__Wrapper-v6uxgu-0 kSLyDU"][1]//*[@data-testid='btn-checkbox']'.</msg>
<status status="PASS" starttime="20210829 00:11:56.036" endtime="20210829 00:11:56.713"/>
</kw>
<kw name="Wait Until Element Is Not Visible" library="SeleniumLibrary">
<arg>${LoadingScreen}</arg>
<arg>timeout=10s</arg>
<doc>Waits until the element ``locator`` is not visible.</doc>
<status status="PASS" starttime="20210829 00:11:56.714" endtime="20210829 00:11:58.590"/>
</kw>
<status status="PASS" starttime="20210829 00:11:53.931" endtime="20210829 00:11:58.590"/>
</kw>
<kw name="Select item into cart" library="CatalogSearchFunctionality">
<arg>${FirstItemFromReturnList}</arg>
<kw name="Wait Until Element Is Visible" library="SeleniumLibrary">
<arg>${item}</arg>
<arg>timeout=15s</arg>
<doc>Waits until the element ``locator`` is visible.</doc>
<status status="PASS" starttime="20210829 00:11:58.591" endtime="20210829 00:11:58.644"/>
</kw>
<kw name="Set Focus To Element" library="SeleniumLibrary">
<arg>${item}</arg>
<doc>Sets the focus to the element identified by ``locator``.</doc>
<status status="PASS" starttime="20210829 00:11:58.644" endtime="20210829 00:11:58.668"/>
</kw>
<kw name="Get Element Attribute" library="SeleniumLibrary">
<var>${data-productID}</var>
<arg>${item}</arg>
<arg>data-productid</arg>
<doc>Returns the value of ``attribute`` from the element ``locator``.</doc>
<msg timestamp="20210829 00:11:58.681" level="INFO">${data-productID} = 251314</msg>
<status status="PASS" starttime="20210829 00:11:58.668" endtime="20210829 00:11:58.681"/>
</kw>
<kw name="Click Element" library="SeleniumLibrary">
<arg>${item}</arg>
<doc>Click the element identified by ``locator``.</doc>
<msg timestamp="20210829 00:11:58.682" level="INFO">Clicking element '(//*[text()='จัดส่ง']/ancestor::div[@data-testid="productGrid-item"])[1]'.</msg>
<status status="PASS" starttime="20210829 00:11:58.681" endtime="20210829 00:11:59.388"/>
</kw>
<kw name="Add item into cart" library="CatalogDetailFunctionality">
<kw name="Wait Until Element Is Visible" library="SeleniumLibrary">
<arg>${AddToCartButton}</arg>
<arg>timeout=10s</arg>
<doc>Waits until the element ``locator`` is visible.</doc>
<status status="PASS" starttime="20210829 00:11:59.389" endtime="20210829 00:12:00.215"/>
</kw>
<kw name="Click Element" library="SeleniumLibrary">
<arg>${AddToCartButton}</arg>
<doc>Click the element identified by ``locator``.</doc>
<msg timestamp="20210829 00:12:00.216" level="INFO">Clicking element '//*[@class='Button__StyledButton-r30g8h-0 uwdlB AddToCartButton__AddToCartButtonElem-dtemKR bwuoky']'.</msg>
<status status="PASS" starttime="20210829 00:12:00.215" endtime="20210829 00:12:00.267"/>
</kw>
<kw name="Wait Until Element Is Visible" library="SeleniumLibrary">
<arg>${AddItemSuccessMessage}</arg>
<arg>timeout=10s</arg>
<doc>Waits until the element ``locator`` is visible.</doc>
<status status="PASS" starttime="20210829 00:12:00.267" endtime="20210829 00:12:05.761"/>
</kw>
<status status="PASS" starttime="20210829 00:11:59.389" endtime="20210829 00:12:05.761"/>
</kw>
<kw name="Append To List" library="Collections">
<arg>${SelectedItem}</arg>
<arg>${data-productID}</arg>
<doc>Adds ``values`` to the end of ``list``.</doc>
<status status="PASS" starttime="20210829 00:12:05.761" endtime="20210829 00:12:05.762"/>
</kw>
<status status="PASS" starttime="20210829 00:11:58.590" endtime="20210829 00:12:05.762"/>
</kw>
<kw name="Checkout and Validate Cart" library="CartFunctionality">
<arg>${SelectedItem}</arg>
<kw name="Sleep" library="BuiltIn">
<arg>5s</arg>
<doc>Pauses the test executed for the given time.</doc>
<msg timestamp="20210829 00:12:10.763" level="INFO">Slept 5 seconds</msg>
<status status="PASS" starttime="20210829 00:12:05.762" endtime="20210829 00:12:10.763"/>
</kw>
<kw name="Click Element" library="SeleniumLibrary">
<arg>${Cart}</arg>
<doc>Click the element identified by ``locator``.</doc>
<msg timestamp="20210829 00:12:10.763" level="INFO">Clicking element '//*[@id="btn-openMiniCart"]/img'.</msg>
<status status="PASS" starttime="20210829 00:12:10.763" endtime="20210829 00:12:11.516"/>
</kw>
<kw name="Sleep" library="BuiltIn">
<arg>5s</arg>
<doc>Pauses the test executed for the given time.</doc>
<msg timestamp="20210829 00:12:16.517" level="INFO">Slept 5 seconds</msg>
<status status="PASS" starttime="20210829 00:12:11.516" endtime="20210829 00:12:16.517"/>
</kw>
<kw name="Wait Until Element Is Visible" library="SeleniumLibrary">
<arg>${CartHeader}</arg>
<doc>Waits until the element ``locator`` is visible.</doc>
<status status="PASS" starttime="20210829 00:12:16.518" endtime="20210829 00:12:16.544"/>
</kw>
<kw name="Validate Cart Item" library="CartFunctionality">
<arg>${SelectedItem}</arg>
<kw name="Get WebElements" library="SeleniumLibrary">
<var>${elements}</var>
<arg>${CartItems}</arg>
<doc>Returns a list of WebElement objects matching the ``locator``.</doc>
<msg timestamp="20210829 00:12:16.553" level="INFO">${elements} = [&lt;selenium.webdriver.remote.webelement.WebElement (session="c615990f832a36551f7699ad583fe59c", element="b1919f61-6188-4bf9-b2f6-12dd54f0a743")&gt;, &lt;selenium.webdriver.remote.webelement.WebElement (sessi...</msg>
<status status="PASS" starttime="20210829 00:12:16.544" endtime="20210829 00:12:16.553"/>
</kw>
<for flavor="IN">
<var>${cartItem}</var>
<value>@{elements}</value>
<iter>
<var name="${cartItem}">&lt;selenium.webdriver.remote.webelement.WebElement (session="c615990f832a36551f7699ad583fe59c", element="b1919f61-6188-4bf9-b2f6-12dd54f0a743")&gt;</var>
<kw name="Get Element Attribute" library="SeleniumLibrary">
<var>${cart-productID}</var>
<arg>${cartItem}</arg>
<arg>data-productid</arg>
<doc>Returns the value of ``attribute`` from the element ``locator``.</doc>
<msg timestamp="20210829 00:12:16.558" level="INFO">${cart-productID} = 251314</msg>
<status status="PASS" starttime="20210829 00:12:16.553" endtime="20210829 00:12:16.558"/>
</kw>
<kw name="List Should Contain Value" library="Collections">
<arg>${SelectedItem}</arg>
<arg>${cart-productID}</arg>
<doc>Fails if the ``value`` is not found from ``list``.</doc>
<status status="PASS" starttime="20210829 00:12:16.558" endtime="20210829 00:12:16.558"/>
</kw>
<status status="PASS" starttime="20210829 00:12:16.553" endtime="20210829 00:12:16.558"/>
</iter>
<iter>
<var name="${cartItem}">&lt;selenium.webdriver.remote.webelement.WebElement (session="c615990f832a36551f7699ad583fe59c", element="f0ae0863-7881-498f-8e4a-19895a4e9c74")&gt;</var>
<kw name="Get Element Attribute" library="SeleniumLibrary">
<var>${cart-productID}</var>
<arg>${cartItem}</arg>
<arg>data-productid</arg>
<doc>Returns the value of ``attribute`` from the element ``locator``.</doc>
<msg timestamp="20210829 00:12:16.562" level="INFO">${cart-productID} = 261091</msg>
<status status="PASS" starttime="20210829 00:12:16.558" endtime="20210829 00:12:16.562"/>
</kw>
<kw name="List Should Contain Value" library="Collections">
<arg>${SelectedItem}</arg>
<arg>${cart-productID}</arg>
<doc>Fails if the ``value`` is not found from ``list``.</doc>
<status status="PASS" starttime="20210829 00:12:16.563" endtime="20210829 00:12:16.563"/>
</kw>
<status status="PASS" starttime="20210829 00:12:16.558" endtime="20210829 00:12:16.564"/>
</iter>
<status status="PASS" starttime="20210829 00:12:16.553" endtime="20210829 00:12:16.564"/>
</for>
<status status="PASS" starttime="20210829 00:12:16.544" endtime="20210829 00:12:16.564"/>
</kw>
<status status="PASS" starttime="20210829 00:12:05.762" endtime="20210829 00:12:16.564"/>
</kw>
<kw name="Finish TestCase" library="CommonFunctionality" type="TEARDOWN">
<kw name="Close Browser" library="SeleniumLibrary">
<doc>Closes the current browser.</doc>
<status status="PASS" starttime="20210829 00:12:16.564" endtime="20210829 00:12:16.917"/>
</kw>
<status status="PASS" starttime="20210829 00:12:16.564" endtime="20210829 00:12:16.918"/>
</kw>
<status status="PASS" starttime="20210829 00:11:23.442" endtime="20210829 00:12:16.918"/>
</test>
<status status="PASS" starttime="20210829 00:11:23.177" endtime="20210829 00:12:16.919"/>
</suite>
<statistics>
<total>
<stat pass="1" fail="0" skip="0">All Tests</stat>
</total>
<tag>
</tag>
<suite>
<stat pass="1" fail="0" skip="0" id="s1" name="CheckoutCartTest">CheckoutCartTest</stat>
</suite>
</statistics>
<errors>
</errors>
</robot>
